[RED - FMS]: This is a test message
[ORANGE - FMS]: This is a test message
[YELLOW - FMS]: This is a test message
[GREEN - FMS]: This is a test message
[BLUE - FMS]: This is a test message
[PURPLE - FMS]: This is a test message
[RED - FMS]: This is a test message
[ORANGE - FMS]: This is a test message
[YELLOW - FMS]: This is a test message
[GREEN - FMS]: This is a test message
[BLUE - FMS]: This is a test message
[PURPLE - FMS]: This is a test message
[RED - FMS]: This is a test message
[ORANGE - FMS]: This is a test message
[YELLOW - FMS]: This is a test message
[GREEN - FMS]: This is a test message
[BLUE - FMS]: This is a test message
[PURPLE - FMS]: This is a test message
[RED - FMS]: This is a test message
[ORANGE - FMS]: This is a test message
[YELLOW - FMS]: This is a test message
[GREEN - FMS]: This is a test message
[BLUE - FMS]: This is a test message
[PURPLE - FMS]: This is a test message
[RED - FMS]: This is a test message
[ORANGE - FMS]: This is a test message
[YELLOW - FMS]: This is a test message
[GREEN - FMS]: This is a test message
[BLUE - FMS]: This is a test message
[PURPLE - FMS]: This is a test message
[RED - FMS]: This is a test message
[ORANGE - FMS]: This is a test message
[YELLOW - FMS]: This is a test message
[GREEN - FMS]: This is a test message
[BLUE - FMS]: This is a test message
[PURPLE - FMS]: This is a test message
[RED - FMS]: This is a test message
[ORANGE - FMS]: This is a test message
[YELLOW - FMS]: This is a test message
[GREEN - FMS]: This is a test message
[BLUE - FMS]: This is a test message
[PURPLE - FMS]: This is a test message
